2024-02-08T07:20:14.850Z - Error [ERR_HTTP_HEADERS_SENT]: Cannot set headers after they are sent to the client
    at new NodeError (node:internal/errors:399:5)
    at ServerResponse.setHeader (node:_http_outgoing:645:11)
    at ServerResponse.header (C:\Users\gia.quang\node_modules\express\lib\response.js:794:10)
    at ServerResponse.send (C:\Users\gia.quang\node_modules\express\lib\response.js:174:12)
    at done (C:\Users\gia.quang\node_modules\express\lib\response.js:1035:10)
    at tryHandleCache (C:\Users\gia.quang\node_modules\ejs\lib\ejs.js:280:5)
    at exports.renderFile [as engine] (C:\Users\gia.quang\node_modules\ejs\lib\ejs.js:491:10)
    at View.render (C:\Users\gia.quang\node_modules\express\lib\view.js:135:8)
    at tryRender (C:\Users\gia.quang\node_modules\express\lib\application.js:657:10)
    at Function.render (C:\Users\gia.quang\node_modules\express\lib\application.js:609:3)
2024-02-08T07:25:48.893Z - Error [ERR_HTTP_HEADERS_SENT]: Cannot set headers after they are sent to the client
    at new NodeError (node:internal/errors:399:5)
    at ServerResponse.setHeader (node:_http_outgoing:645:11)
    at ServerResponse.header (C:\Users\gia.quang\node_modules\express\lib\response.js:794:10)
    at ServerResponse.send (C:\Users\gia.quang\node_modules\express\lib\response.js:174:12)
    at done (C:\Users\gia.quang\node_modules\express\lib\response.js:1035:10)
    at tryHandleCache (C:\Users\gia.quang\node_modules\ejs\lib\ejs.js:280:5)
    at exports.renderFile [as engine] (C:\Users\gia.quang\node_modules\ejs\lib\ejs.js:491:10)
    at View.render (C:\Users\gia.quang\node_modules\express\lib\view.js:135:8)
    at tryRender (C:\Users\gia.quang\node_modules\express\lib\application.js:657:10)
    at Function.render (C:\Users\gia.quang\node_modules\express\lib\application.js:609:3)
2024-02-08T07:29:36.092Z - Error [ERR_HTTP_HEADERS_SENT]: Cannot set headers after they are sent to the client
    at new NodeError (node:internal/errors:399:5)
    at ServerResponse.setHeader (node:_http_outgoing:645:11)
    at ServerResponse.header (C:\Users\gia.quang\node_modules\express\lib\response.js:794:10)
    at ServerResponse.send (C:\Users\gia.quang\node_modules\express\lib\response.js:174:12)
    at done (C:\Users\gia.quang\node_modules\express\lib\response.js:1035:10)
    at tryHandleCache (C:\Users\gia.quang\node_modules\ejs\lib\ejs.js:280:5)
    at exports.renderFile [as engine] (C:\Users\gia.quang\node_modules\ejs\lib\ejs.js:491:10)
    at View.render (C:\Users\gia.quang\node_modules\express\lib\view.js:135:8)
    at tryRender (C:\Users\gia.quang\node_modules\express\lib\application.js:657:10)
    at Function.render (C:\Users\gia.quang\node_modules\express\lib\application.js:609:3)
2024-02-08T10:48:16.188Z - Error [ERR_HTTP_HEADERS_SENT]: Cannot set headers after they are sent to the client
    at new NodeError (node:internal/errors:399:5)
    at ServerResponse.setHeader (node:_http_outgoing:645:11)
    at ServerResponse.header (C:\Users\gia.quang\node_modules\express\lib\response.js:794:10)
    at ServerResponse.send (C:\Users\gia.quang\node_modules\express\lib\response.js:174:12)
    at done (C:\Users\gia.quang\node_modules\express\lib\response.js:1035:10)
    at tryHandleCache (C:\Users\gia.quang\node_modules\ejs\lib\ejs.js:280:5)
    at exports.renderFile [as engine] (C:\Users\gia.quang\node_modules\ejs\lib\ejs.js:491:10)
    at View.render (C:\Users\gia.quang\node_modules\express\lib\view.js:135:8)
    at tryRender (C:\Users\gia.quang\node_modules\express\lib\application.js:657:10)
    at Function.render (C:\Users\gia.quang\node_modules\express\lib\application.js:609:3)
